Build started 2015-05-06 19:01:45.
     1>Project "c:\Users\Bartek\documents\visual studio 2013\Projects\Kraj-2\Kraj-2\Kraj-2.vcxproj" on node 2 (Build target(s)).
     1>ClCompile:
         C:\Program Files (x86)\Microsoft Visual Studio 12.0\VC\bin\CL.exe /c /ZI /nologo /W3 /WX- /Od /Oy- /D WIN32 /D _DEBUG /D _CONSOLE /D _LIB /D _UNICODE /D UNICODE /Gm /EHsc /RTC1 /MDd /GS /fp:precise /Zc:wchar_t /Zc:forScope /Fo"Debug\\" /Fd"Debug\vc120.pdb" /Gd /TP /analyze- /errorReport:prompt "Kraj-2.cpp" Kraj.cpp
         Kraj.cpp
         Kraj-2.cpp
         Generating Code...
       Link:
         C:\Program Files (x86)\Microsoft Visual Studio 12.0\VC\bin\link.exe /ERRORREPORT:PROMPT /OUT:"c:\users\bartek\documents\visual studio 2013\Projects\Kraj-2\Debug\Kraj-2.exe" /INCREMENTAL /NOLOGO kernel32.lib user32.lib gdi32.lib winspool.lib comdlg32.lib advapi32.lib shell32.lib ole32.lib oleaut32.lib uuid.lib odbc32.lib odbccp32.lib /MANIFEST /MANIFESTUAC:"level='asInvoker' uiAccess='false'" /manifest:embed /DEBUG /PDB:"c:\users\bartek\documents\visual studio 2013\Projects\Kraj-2\Debug\Kraj-2.pdb" /SUBSYSTEM:CONSOLE /TLBID:1 /DYNAMICBASE /NXCOMPAT /IMPLIB:"c:\users\bartek\documents\visual studio 2013\Projects\Kraj-2\Debug\Kraj-2.lib" /MACHINE:X86 Debug\Czesc_Swiata.obj
         Debug\Demokratyczny.obj
         "Debug\Kraj-2.obj"
         Debug\Kraj.obj
         Debug\Polityka.obj
         Debug\Socjalistyczny.obj
         Debug\stdafx.obj
         Debug\Terytorium.obj
         Kraj-2.vcxproj -> c:\users\bartek\documents\visual studio 2013\Projects\Kraj-2\Debug\Kraj-2.exe
     1>Done Building Project "c:\Users\Bartek\documents\visual studio 2013\Projects\Kraj-2\Kraj-2\Kraj-2.vcxproj" (Build target(s)).

Build succeeded.

Time Elapsed 00:00:02.53
